eec:1,listExercise.eec.
eec,argv:listExercise.eec.
eec_parse:comment ( listExercise -- 7/8/2012 -- Copyright @ 2012, JYATL )

comment ( in a moment of defference to clyde w tombaugh, who discovered pluto)

    set ( solar system, list( mercury, venus, earth moon, mars, asteroid belt, jupiter, saturn, uranus, neptune, pluto))

    print ( solar system is: )
    print ( solar system)

print ( stdout, testing a zero-arg function )

    print ( we now have a wordlist: )
    print ( wordlist () ).

BEFORE  SubExpression:
 EEC {comment}  listExercise -- 7/8/2012 -- Copyright @ 2012, JYATL )

 EEC {comment}  in a moment of defference to clyde w tombaugh, who discovered pluto)

 EEC {set}  solar system, EEC {list}  mercury, venus, earth moon, mars, asteroid belt, jupiter, saturn, uranus, neptune, pluto))

 EEC {print}  solar system is: )
 EEC {print}  solar system)

 EEC {print}  stdout, testing a zero-arg function )

 EEC {print}  we now have a wordlist: )
 EEC {print}  EEC {wordlist} ) )<

AFTER .. SubExpression:
 EEC {comment}  listExercise -- 7/8/2012 -- Copyright @ 2012, JYATL )

 EEC {comment}  in a moment of defference to clyde w tombaugh, who discovered pluto)

 EEC {set}  solar system    [EEC {list}  mercury, venus, earth moon, mars, asteroid belt, jupiter, saturn, uranus, neptune, pluto])

 EEC {print}  solar system is: )
 EEC {print}  solar system)

 EEC {print}  stdout, testing a zero-arg function )

 EEC {print}  we now have a wordlist: )
 EEC {print}  [EEC {wordlist} ] )<

BEFORE Paren Strip:
 {EEC} {comment} {listExercise -- 7/8/2012 -- Copyright} @ {2012} , {JYATL} )

 {EEC} {comment} {in a moment of defference to clyde w tombaugh} , {who discovered pluto} )

 {EEC} {set} {solar system} [ {EEC} {list} {mercury} , {venus} , {earth moon} , {mars} , {asteroid belt} , {jupiter} , {saturn} , {uranus} , {neptune} , {pluto} ])

 {EEC} {print} {solar system is:} )
 {EEC} {print} {solar system} )

 {EEC} {print} {stdout} , {testing a zero-arg function} )

 {EEC} {print} {we now have a wordlist:} )
 {EEC} {print}  [ {EEC} {wordlist} ] )<

AFTER  Paren Strip:
 {EEC} {comment} {listExercise -- 7/8/2012 -- Copyright} @ {2012} , {JYATL};

 {EEC} {comment} {in a moment of defference to clyde w tombaugh} , {who discovered pluto};

 {EEC} {set} {solar system} [ {EEC} {list} {mercury} , {venus} , {earth moon} , {mars} , {asteroid belt} , {jupiter} , {saturn} , {uranus} , {neptune} , {pluto} ];

 {EEC} {print} {solar system is:};
 {EEC} {print} {solar system};

 {EEC} {print} {stdout} , {testing a zero-arg function};

 {EEC} {print} {we now have a wordlist:};
 {EEC} {print}  [ {EEC} {wordlist} ];<
EEC.comment.n:4:{listExercise -- 7/8/2012 -- Copyright} @ 2012 JYATL
EEC.comment.n:2:{in a moment of defference to clyde w tombaugh} {who discovered pluto}
eec_info:in a moment of defference to clyde w tombaugh.
eec_info:who discovered pluto.
EEC.list.n:10:mercury venus {earth moon} mars {asteroid belt} jupiter saturn uranus neptune pluto
eec_list:1<{{mercury,venus,earth moon,mars,asteroid belt,jupiter,saturn,uranus,neptune,pluto}}>
EEC.set.n:2:{solar system} {{mercury,venus,earth moon,mars,asteroid belt,jupiter,saturn,uranus,neptune,pluto}}
eec_info:solar system.
eec_info:{mercury,venus,earth moon,mars,asteroid belt,jupiter,saturn,uranus,neptune,pluto}.
EEC.print.n:1:{solar system is:}
eec_info:solar system is:.
EEC.print.n:1:{solar system}
eec_info:solar system.
EEC.print.n:2:stdout {testing a zero-arg function}
eec_info:stdout.
eec_info:testing a zero-arg function.
eec_info:testing a zero-arg function.
EEC.print.n:1:{we now have a wordlist:}
eec_info:we now have a wordlist:.
EEC.wordlist.n:0:
EEC.print.n:1:{ wordlist 
, add
, and
, comment
, divide
, equal
, greater
, include
, lessthan
, list
, multiply
, not
, or
, print
, set
, subtract
}
eec_info: wordlist 
, add
, and
, comment
, divide
, equal
, greater
, include
, lessthan
, list
, multiply
, not
, or
, print
, set
, subtract
.
